<?xml version="1.0" encoding="UTF-8"?>
<testsuite name="com.vboard.core.text.TranscriptCleanerTest$Robustness" tests="5" skipped="0" failures="0" errors="0" timestamp="2026-08-28T18:03:25.354Z" hostname="vm" time="0.005">
  <properties/>
  <testcase name="combined stress case()" classname="com.vboard.core.text.TranscriptCleanerTest$Robustness" time="0.001"/>
  <testcase name="strips asr artifacts()" classname="com.vboard.core.text.TranscriptCleanerTest$Robustness" time="0.001"/>
  <testcase name="empty input yields empty result()" classname="com.vboard.core.text.TranscriptCleanerTest$Robustness" time="0.001"/>
  <testcase name="pipeline is idempotent()" classname="com.vboard.core.text.TranscriptCleanerTest$Robustness" time="0.001"/>
  <testcase name="curly apostrophes are normalized()" classname="com.vboard.core.text.TranscriptCleanerTest$Robustness" time="0.0"/>
  <system-out><![CDATA[]]></system-out>
  <system-err><![CDATA[]]></system-err>
</testsuite>
