<?xml version="1.0" encoding="UTF-8"?>
<testsuite name="com.vboard.core.text.TranscriptCleanerTest$SpokenCommands" tests="10" skipped="0" failures="0" errors="0" timestamp="2026-08-28T18:03:25.459Z" hostname="vm" time="0.03">
  <properties/>
  <testcase name="[1] hello comma world, Hello, world" classname="com.vboard.core.text.TranscriptCleanerTest$SpokenCommands" time="0.01"/>
  <testcase name="[2] are you coming question mark, Are you coming?" classname="com.vboard.core.text.TranscriptCleanerTest$SpokenCommands" time="0.001"/>
  <testcase name="[3] stop exclamation mark, Stop!" classname="com.vboard.core.text.TranscriptCleanerTest$SpokenCommands" time="0.001"/>
  <testcase name="[4] end of sentence period, End of sentence." classname="com.vboard.core.text.TranscriptCleanerTest$SpokenCommands" time="0.0"/>
  <testcase name="[5] wow ellipsis okay, Wow... okay" classname="com.vboard.core.text.TranscriptCleanerTest$SpokenCommands" time="0.001"/>
  <testcase name="capitalizes after spoken sentence end()" classname="com.vboard.core.text.TranscriptCleanerTest$SpokenCommands" time="0.001"/>
  <testcase name="new line and new paragraph become breaks()" classname="com.vboard.core.text.TranscriptCleanerTest$SpokenCommands" time="0.001"/>
  <testcase name="spoken commands survive raw mode()" classname="com.vboard.core.text.TranscriptCleanerTest$SpokenCommands" time="0.001"/>
  <testcase name="determiner guards the literal word()" classname="com.vboard.core.text.TranscriptCleanerTest$SpokenCommands" time="0.001"/>
  <testcase name="commands can be disabled()" classname="com.vboard.core.text.TranscriptCleanerTest$SpokenCommands" time="0.001"/>
  <system-out><![CDATA[]]></system-out>
  <system-err><![CDATA[]]></system-err>
</testsuite>
