<?xml version="1.0" encoding="UTF-8"?>
<testsuite name="com.vboard.core.text.TranscriptCleanerTest$Capitalization" tests="6" skipped="0" failures="0" errors="0" timestamp="2026-08-28T18:03:25.336Z" hostname="vm" time="0.009">
  <properties/>
  <testcase name="capitalizes after inline punctuation()" classname="com.vboard.core.text.TranscriptCleanerTest$Capitalization" time="0.004"/>
  <testcase name="email fields are not capitalized()" classname="com.vboard.core.text.TranscriptCleanerTest$Capitalization" time="0.001"/>
  <testcase name="does not capitalize mid sentence()" classname="com.vboard.core.text.TranscriptCleanerTest$Capitalization" time="0.0"/>
  <testcase name="capitalizes after sentence end in preceding text()" classname="com.vboard.core.text.TranscriptCleanerTest$Capitalization" time="0.0"/>
  <testcase name="capitalizes standalone i and contractions()" classname="com.vboard.core.text.TranscriptCleanerTest$Capitalization" time="0.001"/>
  <testcase name="capitalizes at start of empty field()" classname="com.vboard.core.text.TranscriptCleanerTest$Capitalization" time="0.001"/>
  <system-out><![CDATA[]]></system-out>
  <system-err><![CDATA[]]></system-err>
</testsuite>
