<?xml version="1.0" encoding="UTF-8"?>
<testsuite name="contractions" tests="6" skipped="0" failures="0" errors="0" timestamp="2026-08-28T18:03:24.773Z" hostname="vm" time="0.024">
  <properties/>
  <testcase name="its is a valid word and is never corrected()" classname="com.vboard.core.suggest.SuggestionEngineTest$Contractions" time="0.001"/>
  <testcase name="contractions respect OFF mode()" classname="com.vboard.core.suggest.SuggestionEngineTest$Contractions" time="0.001"/>
  <testcase name="ill is a valid word and is never corrected()" classname="com.vboard.core.suggest.SuggestionEngineTest$Contractions" time="0.003"/>
  <testcase name="common dropped-apostrophe forms are corrected()" classname="com.vboard.core.suggest.SuggestionEngineTest$Contractions" time="0.011"/>
  <testcase name="contraction casing follows the typed word()" classname="com.vboard.core.suggest.SuggestionEngineTest$Contractions" time="0.002"/>
  <testcase name="contractions apply in search fields but not email fields()" classname="com.vboard.core.suggest.SuggestionEngineTest$Contractions" time="0.001"/>
  <system-out><![CDATA[]]></system-out>
  <system-err><![CDATA[]]></system-err>
</testsuite>
