<?xml version="1.0" encoding="UTF-8"?>
<testsuite name="learning" tests="3" skipped="0" failures="0" errors="0" timestamp="2026-08-28T18:03:24.838Z" hostname="vm" time="0.013">
  <properties/>
  <testcase name="learned words surface in later predictions()" classname="com.vboard.core.suggest.SuggestionEngineTest$Learning" time="0.004"/>
  <testcase name="recordCommittedWord ignores tokens with digits or symbols()" classname="com.vboard.core.suggest.SuggestionEngineTest$Learning" time="0.005"/>
  <testcase name="recordCommittedWord learns unigram and bigram()" classname="com.vboard.core.suggest.SuggestionEngineTest$Learning" time="0.002"/>
  <system-out><![CDATA[]]></system-out>
  <system-err><![CDATA[]]></system-err>
</testsuite>
