<?xml version="1.0" encoding="UTF-8"?>
<testsuite name="lookup" tests="4" skipped="0" failures="0" errors="0" timestamp="2026-08-28T18:03:24.710Z" hostname="vm" time="0.011">
  <properties/>
  <testcase name="fromEntries ignores blank words and non-positive frequencies()" classname="com.vboard.core.suggest.LexiconTest$Lookup" time="0.003"/>
  <testcase name="contains is case-insensitive()" classname="com.vboard.core.suggest.LexiconTest$Lookup" time="0.001"/>
  <testcase name="stores words with internal apostrophes()" classname="com.vboard.core.suggest.LexiconTest$Lookup" time="0.0"/>
  <testcase name="frequencyOf is case-insensitive and zero for absent words()" classname="com.vboard.core.suggest.LexiconTest$Lookup" time="0.0"/>
  <system-out><![CDATA[]]></system-out>
  <system-err><![CDATA[]]></system-err>
</testsuite>
