<?xml version="1.0" encoding="UTF-8"?>
<testsuite name="com.vboard.core.text.TextDiffTest" tests="7" skipped="0" failures="0" errors="0" timestamp="2026-08-28T18:03:25.321Z" hostname="vm" time="0.008">
  <properties/>
  <testcase name="never splits surrogate pairs()" classname="com.vboard.core.text.TextDiffTest" time="0.003"/>
  <testcase name="appending only inserts()" classname="com.vboard.core.text.TextDiffTest" time="0.0"/>
  <testcase name="tail change deletes and inserts()" classname="com.vboard.core.text.TextDiffTest" time="0.0"/>
  <testcase name="complete replacement()" classname="com.vboard.core.text.TextDiffTest" time="0.0"/>
  <testcase name="identical strings are noop()" classname="com.vboard.core.text.TextDiffTest" time="0.0"/>
  <testcase name="applying replacement reproduces target()" classname="com.vboard.core.text.TextDiffTest" time="0.001"/>
  <testcase name="empty current just inserts()" classname="com.vboard.core.text.TextDiffTest" time="0.0"/>
  <system-out><![CDATA[]]></system-out>
  <system-err><![CDATA[]]></system-err>
</testsuite>
