<?xml version="1.0" encoding="UTF-8"?>
<testsuite name="com.vboard.core.text.TranscriptCleanerTest$SelfCorrections" tests="12" skipped="0" failures="0" errors="0" timestamp="2026-08-28T18:03:25.360Z" hostname="vm" time="0.014">
  <properties/>
  <testcase name="trailing no wait drops marker()" classname="com.vboard.core.text.TranscriptCleanerTest$SelfCorrections" time="0.001"/>
  <testcase name="fillers do not break alignment()" classname="com.vboard.core.text.TranscriptCleanerTest$SelfCorrections" time="0.001"/>
  <testcase name="no wait replaces aligned phrase()" classname="com.vboard.core.text.TranscriptCleanerTest$SelfCorrections" time="0.001"/>
  <testcase name="i mean without alignment is preserved()" classname="com.vboard.core.text.TranscriptCleanerTest$SelfCorrections" time="0.001"/>
  <testcase name="sorry without alignment is untouched()" classname="com.vboard.core.text.TranscriptCleanerTest$SelfCorrections" time="0.0"/>
  <testcase name="wait no also works()" classname="com.vboard.core.text.TranscriptCleanerTest$SelfCorrections" time="0.001"/>
  <testcase name="no wait with commas around marker()" classname="com.vboard.core.text.TranscriptCleanerTest$SelfCorrections" time="0.001"/>
  <testcase name="i mean replaces aligned phrase()" classname="com.vboard.core.text.TranscriptCleanerTest$SelfCorrections" time="0.001"/>
  <testcase name="disabled corrections leave text alone()" classname="com.vboard.core.text.TranscriptCleanerTest$SelfCorrections" time="0.001"/>
  <testcase name="mid utterance scratch that drops the clause()" classname="com.vboard.core.text.TranscriptCleanerTest$SelfCorrections" time="0.001"/>
  <testcase name="make that swaps numbers()" classname="com.vboard.core.text.TranscriptCleanerTest$SelfCorrections" time="0.0"/>
  <testcase name="sorry with alignment corrects()" classname="com.vboard.core.text.TranscriptCleanerTest$SelfCorrections" time="0.0"/>
  <system-out><![CDATA[]]></system-out>
  <system-err><![CDATA[]]></system-err>
</testsuite>
