<?xml version="1.0" encoding="UTF-8"?>
<testsuite name="com.vboard.core.text.TranscriptCleanerTest$Fillers" tests="5" skipped="0" failures="0" errors="0" timestamp="2026-08-28T18:03:25.347Z" hostname="vm" time="0.003">
  <properties/>
  <testcase name="removes hesitation fillers()" classname="com.vboard.core.text.TranscriptCleanerTest$Fillers" time="0.001"/>
  <testcase name="removes filler with attached comma()" classname="com.vboard.core.text.TranscriptCleanerTest$Fillers" time="0.0"/>
  <testcase name="keeps you know unless aggressive()" classname="com.vboard.core.text.TranscriptCleanerTest$Fillers" time="0.001"/>
  <testcase name="utterance of only fillers becomes empty()" classname="com.vboard.core.text.TranscriptCleanerTest$Fillers" time="0.0"/>
  <testcase name="raw mode keeps fillers()" classname="com.vboard.core.text.TranscriptCleanerTest$Fillers" time="0.0"/>
  <system-out><![CDATA[]]></system-out>
  <system-err><![CDATA[]]></system-err>
</testsuite>
