<?xml version="1.0" encoding="UTF-8"?>
<testsuite name="completions" tests="6" skipped="0" failures="0" errors="0" timestamp="2026-08-28T18:03:24.764Z" hostname="vm" time="0.008">
  <properties/>
  <testcase name="capitalized composing capitalizes suggestions()" classname="com.vboard.core.suggest.SuggestionEngineTest$Completions" time="0.001"/>
  <testcase name="completes a prefix to full lexicon words()" classname="com.vboard.core.suggest.SuggestionEngineTest$Completions" time="0.001"/>
  <testcase name="returns at most three distinct suggestions()" classname="com.vboard.core.suggest.SuggestionEngineTest$Completions" time="0.001"/>
  <testcase name="suggestions preserve lexicon apostrophes()" classname="com.vboard.core.suggest.SuggestionEngineTest$Completions" time="0.001"/>
  <testcase name="all-caps composing uppercases suggestions()" classname="com.vboard.core.suggest.SuggestionEngineTest$Completions" time="0.001"/>
  <testcase name="preserves lowercase composing casing()" classname="com.vboard.core.suggest.SuggestionEngineTest$Completions" time="0.001"/>
  <system-out><![CDATA[]]></system-out>
  <system-err><![CDATA[]]></system-err>
</testsuite>
