<?xml version="1.0" encoding="UTF-8"?>
<testsuite name="recording" tests="4" skipped="0" failures="0" errors="0" timestamp="2026-08-28T18:03:25.290Z" hostname="vm" time="0.005">
  <properties/>
  <testcase name="words are normalized to lowercase()" classname="com.vboard.core.suggest.UserHistoryTest$Recording" time="0.001"/>
  <testcase name="unigram counts accumulate()" classname="com.vboard.core.suggest.UserHistoryTest$Recording" time="0.001"/>
  <testcase name="blank input is ignored()" classname="com.vboard.core.suggest.UserHistoryTest$Recording" time="0.001"/>
  <testcase name="bigram counts accumulate per pair()" classname="com.vboard.core.suggest.UserHistoryTest$Recording" time="0.001"/>
  <system-out><![CDATA[]]></system-out>
  <system-err><![CDATA[]]></system-err>
</testsuite>
