<?xml version="1.0" encoding="UTF-8"?>
<testsuite name="com.vboard.core.model.PackInstallerTest" tests="24" skipped="0" failures="0" errors="0" timestamp="2026-08-28T18:03:24.067Z" hostname="vm" time="0.282">
  <properties/>
  <testcase name="empty sha256 skips verification and still installs()" classname="com.vboard.core.model.PackInstallerTest" time="0.144"/>
  <testcase name="install emits downloading then verifying then installed()" classname="com.vboard.core.model.PackInstallerTest" time="0.009"/>
  <testcase name="bytesOnDisk sums partial and completed files across a multi-file pack()" classname="com.vboard.core.model.PackInstallerTest" time="0.008"/>
  <testcase name="nested relative paths are created under the install dir()" classname="com.vboard.core.model.PackInstallerTest" time="0.005"/>
  <testcase name="installing an already installed pack short-circuits without network calls()" classname="com.vboard.core.model.PackInstallerTest" time="0.004"/>
  <testcase name="network failure mid-file returns NETWORK and retains the part file()" classname="com.vboard.core.model.PackInstallerTest" time="0.004"/>
  <testcase name="installing a version bump downloads into its own dirs and installs()" classname="com.vboard.core.model.PackInstallerTest" time="0.005"/>
  <testcase name="retry after checksum mismatch redownloads the file from scratch and succeeds()" classname="com.vboard.core.model.PackInstallerTest" time="0.004"/>
  <testcase name="happy path installs single file pack with verified content()" classname="com.vboard.core.model.PackInstallerTest" time="0.003"/>
  <testcase name="multi-file resume skips already completed staging file()" classname="com.vboard.core.model.PackInstallerTest" time="0.005"/>
  <testcase name="second install resumes from part bytes with correct rangeStart and no redownload()" classname="com.vboard.core.model.PackInstallerTest" time="0.006"/>
  <testcase name="resumed install reports progress starting at existing part bytes and stays monotonic()" classname="com.vboard.core.model.PackInstallerTest" time="0.006"/>
  <testcase name="delete removes installed files partial downloads and stale versions()" classname="com.vboard.core.model.PackInstallerTest" time="0.007"/>
  <testcase name="install after cancellation resumes from retained bytes()" classname="com.vboard.core.model.PackInstallerTest" time="0.01"/>
  <testcase name="progress is monotonic non-decreasing and reaches totalBytes()" classname="com.vboard.core.model.PackInstallerTest" time="0.006"/>
  <testcase name="pack with old version marker counts as NotInstalled for new version()" classname="com.vboard.core.model.PackInstallerTest" time="0.004"/>
  <testcase name="delete of a never-installed pack is a no-op()" classname="com.vboard.core.model.PackInstallerTest" time="0.001"/>
  <testcase name="checksum mismatch on second file keeps the first verified file for retry()" classname="com.vboard.core.model.PackInstallerTest" time="0.005"/>
  <testcase name="storage check counts only remaining bytes plus headroom()" classname="com.vboard.core.model.PackInstallerTest" time="0.006"/>
  <testcase name="checksum mismatch fails and removes the corrupt partial()" classname="com.vboard.core.model.PackInstallerTest" time="0.004"/>
  <testcase name="installed state survives process restart via fresh installer instance()" classname="com.vboard.core.model.PackInstallerTest" time="0.005"/>
  <testcase name="no installed marker exists until every file is verified()" classname="com.vboard.core.model.PackInstallerTest" time="0.006"/>
  <testcase name="cancellation yields CANCELLED and retains the part file()" classname="com.vboard.core.model.PackInstallerTest" time="0.006"/>
  <testcase name="insufficient storage fails without any fetcher calls()" classname="com.vboard.core.model.PackInstallerTest" time="0.002"/>
  <system-out><![CDATA[]]></system-out>
  <system-err><![CDATA[]]></system-err>
</testsuite>
