<?xml version="1.0" encoding="UTF-8"?>
<testsuite name="com.vboard.core.text.TranscriptCleanerTest$Repetitions" tests="3" skipped="0" failures="0" errors="0" timestamp="2026-08-28T18:03:25.351Z" hostname="vm" time="0.002">
  <properties/>
  <testcase name="collapses stuttered word()" classname="com.vboard.core.text.TranscriptCleanerTest$Repetitions" time="0.0"/>
  <testcase name="collapses repeated bigram()" classname="com.vboard.core.text.TranscriptCleanerTest$Repetitions" time="0.001"/>
  <testcase name="keeps intentional repeats()" classname="com.vboard.core.text.TranscriptCleanerTest$Repetitions" time="0.001"/>
  <system-out><![CDATA[]]></system-out>
  <system-err><![CDATA[]]></system-err>
</testsuite>
