<?xml version="1.0" encoding="UTF-8"?>
<testsuite name="com.vboard.core.text.TranscriptCleanerTest$UtteranceCommands" tests="5" skipped="0" failures="0" errors="0" timestamp="2026-08-28T18:03:25.496Z" hostname="vm" time="0.006">
  <properties/>
  <testcase name="scratch that with hesitation still a command()" classname="com.vboard.core.text.TranscriptCleanerTest$UtteranceCommands" time="0.002"/>
  <testcase name="stop listening is a command()" classname="com.vboard.core.text.TranscriptCleanerTest$UtteranceCommands" time="0.001"/>
  <testcase name="scratch that alone is a command()" classname="com.vboard.core.text.TranscriptCleanerTest$UtteranceCommands" time="0.001"/>
  <testcase name="commands work even in raw mode()" classname="com.vboard.core.text.TranscriptCleanerTest$UtteranceCommands" time="0.001"/>
  <testcase name="stop listening embedded in sentence is not a command()" classname="com.vboard.core.text.TranscriptCleanerTest$UtteranceCommands" time="0.001"/>
  <system-out><![CDATA[]]></system-out>
  <system-err><![CDATA[]]></system-err>
</testsuite>
