<?xml version="1.0" encoding="UTF-8"?>
<testsuite name="com.vboard.core.session.DictationStateMachineTest" tests="21" skipped="0" failures="0" errors="0" timestamp="2026-08-28T18:03:24.351Z" hostname="vm" time="0.027">
  <properties/>
  <testcase name="endpoint with speech moves to finalizing()" classname="com.vboard.core.session.DictationStateMachineTest" time="0.005"/>
  <testcase name="stop request tears down session()" classname="com.vboard.core.session.DictationStateMachineTest" time="0.004"/>
  <testcase name="blank final transcript commits nothing()" classname="com.vboard.core.session.DictationStateMachineTest" time="0.0"/>
  <testcase name="silence timeout ends session()" classname="com.vboard.core.session.DictationStateMachineTest" time="0.001"/>
  <testcase name="mic press from error retries()" classname="com.vboard.core.session.DictationStateMachineTest" time="0.002"/>
  <testcase name="scratch that deletes last utterance()" classname="com.vboard.core.session.DictationStateMachineTest" time="0.001"/>
  <testcase name="mic press shows voice bar and prepares models()" classname="com.vboard.core.session.DictationStateMachineTest" time="0.001"/>
  <testcase name="missing models produce error state()" classname="com.vboard.core.session.DictationStateMachineTest" time="0.0"/>
  <testcase name="reset returns to idle()" classname="com.vboard.core.session.DictationStateMachineTest" time="0.0"/>
  <testcase name="irrelevant events in idle are ignored()" classname="com.vboard.core.session.DictationStateMachineTest" time="0.0"/>
  <testcase name="final transcript commits and continues listening()" classname="com.vboard.core.session.DictationStateMachineTest" time="0.0"/>
  <testcase name="refine flag propagates to commit effect()" classname="com.vboard.core.session.DictationStateMachineTest" time="0.0"/>
  <testcase name="models ready starts audio and listening()" classname="com.vboard.core.session.DictationStateMachineTest" time="0.001"/>
  <testcase name="permission denied produces error state()" classname="com.vboard.core.session.DictationStateMachineTest" time="0.001"/>
  <testcase name="partials update state and ui()" classname="com.vboard.core.session.DictationStateMachineTest" time="0.001"/>
  <testcase name="error can be dismissed back to idle()" classname="com.vboard.core.session.DictationStateMachineTest" time="0.001"/>
  <testcase name="continuous dictation increments utterance index()" classname="com.vboard.core.session.DictationStateMachineTest" time="0.001"/>
  <testcase name="partial during finalizing keeps pipeline flowing()" classname="com.vboard.core.session.DictationStateMachineTest" time="0.0"/>
  <testcase name="endpoint with no speech stays listening()" classname="com.vboard.core.session.DictationStateMachineTest" time="0.0"/>
  <testcase name="mic press while listening stops session()" classname="com.vboard.core.session.DictationStateMachineTest" time="0.001"/>
  <testcase name="audio error while listening stops audio and reports()" classname="com.vboard.core.session.DictationStateMachineTest" time="0.001"/>
  <system-out><![CDATA[]]></system-out>
  <system-err><![CDATA[]]></system-err>
</testsuite>
