<?xml version="1.0" encoding="UTF-8"?>
<testsuite name="field gating" tests="5" skipped="0" failures="0" errors="0" timestamp="2026-08-28T18:03:24.828Z" hostname="vm" time="0.007">
  <properties/>
  <testcase name="password fields get nothing()" classname="com.vboard.core.suggest.SuggestionEngineTest$FieldGating" time="0.001"/>
  <testcase name="email and uri fields never predict()" classname="com.vboard.core.suggest.SuggestionEngineTest$FieldGating" time="0.001"/>
  <testcase name="uri fields echo the literal only()" classname="com.vboard.core.suggest.SuggestionEngineTest$FieldGating" time="0.001"/>
  <testcase name="email fields echo the literal only()" classname="com.vboard.core.suggest.SuggestionEngineTest$FieldGating" time="0.0"/>
  <testcase name="number fields get nothing()" classname="com.vboard.core.suggest.SuggestionEngineTest$FieldGating" time="0.0"/>
  <system-out><![CDATA[]]></system-out>
  <system-err><![CDATA[]]></system-err>
</testsuite>
