<?xml version="1.0" encoding="UTF-8"?>
<testsuite name="load" tests="4" skipped="0" failures="0" errors="0" timestamp="2026-08-28T18:03:24.690Z" hostname="vm" time="0.016">
  <properties/>
  <testcase name="lowercases entries and keeps the highest frequency for duplicates()" classname="com.vboard.core.suggest.LexiconTest$Load" time="0.006"/>
  <testcase name="skips blank and malformed lines()" classname="com.vboard.core.suggest.LexiconTest$Load" time="0.003"/>
  <testcase name="skips comment lines starting with hash()" classname="com.vboard.core.suggest.LexiconTest$Load" time="0.002"/>
  <testcase name="parses word-tab-frequency lines()" classname="com.vboard.core.suggest.LexiconTest$Load" time="0.003"/>
  <system-out><![CDATA[]]></system-out>
  <system-err><![CDATA[]]></system-err>
</testsuite>
