<?xml version="1.0" encoding="UTF-8"?>
<testsuite name="bounding" tests="2" skipped="0" failures="0" errors="0" timestamp="2026-08-28T18:03:25.287Z" hostname="vm" time="0.002">
  <properties/>
  <testcase name="evicts least recently used unigrams beyond maxEntries()" classname="com.vboard.core.suggest.UserHistoryTest$Bounding" time="0.001"/>
  <testcase name="bigram map is bounded independently()" classname="com.vboard.core.suggest.UserHistoryTest$Bounding" time="0.001"/>
  <system-out><![CDATA[]]></system-out>
  <system-err><![CDATA[]]></system-err>
</testsuite>
